<?xml version="1.0" encoding="UTF-8"?>
<!-- Generated by org.testng.reporters.JUnitXMLReporter -->
<testsuite ignored="4" hostname="MTCHNDT-UTHRAKUMAR" failures="0" tests="1" name="Default test" time="0.046" errors="0" timestamp="22 Mar 2021 10:01:42 GMT">
  <testcase classname="com.qa.Base.TestBase" name="@BeforeTest initialization" time="0.0">
    <failure type="org.testng.TestNGException" message="
Parameter &amp;apos;URl&amp;apos; is required by BeforeTest on method initialization but has not been marked @Optional or defined
in C:\Users\Uthrakumar.a\AppData\Local\Temp\testng-eclipse-978774050\testng-customsuite.xml">
      <![CDATA[org.testng.TestNGException: 
Parameter 'URl' is required by BeforeTest on method initialization but has not been marked @Optional or defined
in C:\Users\Uthrakumar.a\AppData\Local\Temp\testng-eclipse-978774050\testng-customsuite.xml
	at org.testng.internal.Parameters.createParameters(Parameters.java:199)
	at org.testng.internal.Parameters.createParameters(Parameters.java:443)
	at org.testng.internal.Parameters.createConfigurationParameters(Parameters.java:118)
	at org.testng.internal.Invoker.invokeConfigurations(Invoker.java:206)
	at org.testng.internal.Invoker.invokeConfigurations(Invoker.java:146)
	at org.testng.TestRunner.beforeRun(TestRunner.java:626)
	at org.testng.TestRunner.run(TestRunner.java:594)
	at org.testng.SuiteRunner.runTest(SuiteRunner.java:380)
	at org.testng.SuiteRunner.runSequentially(SuiteRunner.java:375)
	at org.testng.SuiteRunner.privateRun(SuiteRunner.java:340)
	at org.testng.SuiteRunner.run(SuiteRunner.java:289)
	at org.testng.SuiteRunnerWorker.runSuite(SuiteRunnerWorker.java:52)
	at org.testng.SuiteRunnerWorker.run(SuiteRunnerWorker.java:86)
	at org.testng.TestNG.runSuitesSequentially(TestNG.java:1301)
	at org.testng.TestNG.runSuitesLocally(TestNG.java:1226)
	at org.testng.TestNG.runSuites(TestNG.java:1144)
	at org.testng.TestNG.run(TestNG.java:1115)
	at org.testng.remote.AbstractRemoteTestNG.run(AbstractRemoteTestNG.java:115)
	at org.testng.remote.RemoteTestNG.initAndRun(RemoteTestNG.java:251)
	at org.testng.remote.RemoteTestNG.main(RemoteTestNG.java:77)
]]>
    </failure>
  </testcase> <!-- @BeforeTest initialization -->
  <testcase classname="com.qa.Testcase.Forgotpage_test" name="@BeforeMethod beforeMethod" time="0.0">
    <skipped/>
  </testcase> <!-- @BeforeMethod beforeMethod -->
  <testcase classname="com.qa.Base.TestBase" name="@AfterTest tearDown" time="0.0">
    <skipped/>
  </testcase> <!-- @AfterTest tearDown -->
  <testcase classname="com.qa.Testcase.Forgotpage_test" name="invalidmob" time="0.001">
    <skipped/>
  </testcase> <!-- invalidmob -->
  <testcase classname="com.qa.Testcase.Forgotpage_test" name="backbutton" time="0.0">
    <ignored/>
  </testcase> <!-- backbutton -->
  <testcase classname="com.qa.Testcase.Forgotpage_test" name="emptysubmit" time="0.0">
    <ignored/>
  </testcase> <!-- emptysubmit -->
  <testcase classname="com.qa.Testcase.Forgotpage_test" name="a_forgotTitle" time="0.0">
    <ignored/>
  </testcase> <!-- a_forgotTitle -->
  <testcase classname="com.qa.Testcase.Forgotpage_test" name="validmob" time="0.0">
    <ignored/>
  </testcase> <!-- validmob -->
</testsuite> <!-- Default test -->
