<?xml version="1.0" encoding="UTF-8"?>
<!-- Generated by org.testng.reporters.JUnitXMLReporter -->
<testsuite ignored="0" hostname="MTCHNDT-UTHRAKUMAR" failures="1" tests="2" name="MYTEST" time="93.031" errors="0" timestamp="22 Mar 2021 11:00:32 GMT">
  <testcase classname="com.qa.Testcase.MyTestpage_test" name="a_sigin" time="4.982"/>
  <testcase classname="com.qa.Testcase.MyTestpage_test" name="mytest" time="76.373">
    <failure type="org.openqa.selenium.ElementClickInterceptedException" message="element click intercepted: Element &amp;lt;li class=&amp;quot;col-12  list1 qworng&amp;quot;&amp;gt;...&amp;lt;/li&amp;gt; is not clickable at point (908, 326). Other element would receive the click: &amp;lt;div class=&amp;quot;sweet-alert showSweetAlert visible&amp;quot; data-custom-class=&amp;quot;&amp;quot; data-has-cancel-button=&amp;quot;false&amp;quot; data-has-confirm-button=&amp;quot;true&amp;quot; data-allow-outside-click=&amp;quot;false&amp;quot; data-has-done-function=&amp;quot;false&amp;quot; data-animation=&amp;quot;pop&amp;quot; data-timer=&amp;quot;null&amp;quot; style=&amp;quot;display: block; margin-top: -136px;&amp;quot;&amp;gt;...&amp;lt;/div&amp;gt;
  (Session info: chrome=89.0.4389.82)
Build info: version: &amp;apos;3.14.0&amp;apos;, revision: &amp;apos;aacccce0&amp;apos;, time: &amp;apos;2018-08-02T20:19:58.91Z&amp;apos;
System info: host: &amp;apos;MTCHNDT-UTHRAKU&amp;apos;, ip: &amp;apos;192.168.64.110&amp;apos;, os.name: &amp;apos;Windows 10&amp;apos;, os.arch: &amp;apos;amd64&amp;apos;, os.version: &amp;apos;10.0&amp;apos;, java.version: &amp;apos;15.0.1&amp;apos;
Driver info: org.openqa.selenium.chrome.ChromeDriver
Capabilities {acceptInsecureCerts: false, browserName: chrome, browserVersion: 89.0.4389.82, chrome: {chromedriverVersion: 88.0.4324.96 (68dba2d8a0b14..., userDataDir: C:\Users\UTHRAK~1.A\AppData...}, goog:chromeOptions: {debuggerAddress: localhost:54478}, javascriptEnabled: true, networkConnectionEnabled: false, pageLoadStrategy: normal, platform: WINDOWS, platformName: WINDOWS, proxy: Proxy(), setWindowRect: true, strictFileInteractability: false, timeouts: {implicit: 0, pageLoad: 300000, script: 30000}, unhandledPromptBehavior: dismiss and notify, webauthn:extension:largeBlob: true, webauthn:virtualAuthenticators: true}
Session ID: 42bd2060efa54045a14440cb8cad4155">
      <![CDATA[org.openqa.selenium.ElementClickInterceptedException: element click intercepted: Element <li class="col-12  list1 qworng">...</li> is not clickable at point (908, 326). Other element would receive the click: <div class="sweet-alert showSweetAlert visible" data-custom-class="" data-has-cancel-button="false" data-has-confirm-button="true" data-allow-outside-click="false" data-has-done-function="false" data-animation="pop" data-timer="null" style="display: block; margin-top: -136px;">...</div>
  (Session info: chrome=89.0.4389.82)
Build info: version: '3.14.0', revision: 'aacccce0', time: '2018-08-02T20:19:58.91Z'
System info: host: 'MTCHNDT-UTHRAKU', ip: '192.168.64.110', os.name: 'Windows 10', os.arch: 'amd64', os.version: '10.0', java.version: '15.0.1'
Driver info: org.openqa.selenium.chrome.ChromeDriver
Capabilities {acceptInsecureCerts: false, browserName: chrome, browserVersion: 89.0.4389.82, chrome: {chromedriverVersion: 88.0.4324.96 (68dba2d8a0b14..., userDataDir: C:\Users\UTHRAK~1.A\AppData...}, goog:chromeOptions: {debuggerAddress: localhost:54478}, javascriptEnabled: true, networkConnectionEnabled: false, pageLoadStrategy: normal, platform: WINDOWS, platformName: WINDOWS, proxy: Proxy(), setWindowRect: true, strictFileInteractability: false, timeouts: {implicit: 0, pageLoad: 300000, script: 30000}, unhandledPromptBehavior: dismiss and notify, webauthn:extension:largeBlob: true, webauthn:virtualAuthenticators: true}
Session ID: 42bd2060efa54045a14440cb8cad4155
	at org.openqa.selenium.remote.http.W3CHttpResponseCodec.createException(W3CHttpResponseCodec.java:187)
	at org.openqa.selenium.remote.http.W3CHttpResponseCodec.decode(W3CHttpResponseCodec.java:122)
	at org.openqa.selenium.remote.http.W3CHttpResponseCodec.decode(W3CHttpResponseCodec.java:49)
	at org.openqa.selenium.remote.HttpCommandExecutor.execute(HttpCommandExecutor.java:158)
	at org.openqa.selenium.remote.service.DriverCommandExecutor.execute(DriverCommandExecutor.java:83)
	at org.openqa.selenium.remote.RemoteWebDriver.execute(RemoteWebDriver.java:548)
	at org.openqa.selenium.remote.RemoteWebElement.execute(RemoteWebElement.java:276)
	at org.openqa.selenium.remote.RemoteWebElement.click(RemoteWebElement.java:83)
	at org.openqa.selenium.support.pagefactory.internal.LocatingElementHandler.invoke(LocatingElementHandler.java:51)
	at com.sun.proxy.$Proxy14.click(Unknown Source)
	at com.qa.Base.TestBase.click(TestBase.java:98)
	at com.qa.Base.TestBase.elementtoeclickable(TestBase.java:131)
	at Pages.Testpage.pressfirstoption(Testpage.java:80)
	at com.qa.Testcase.MyTestpage_test.mytest(MyTestpage_test.java:44)
... Removed 33 stack frames]]>
    </failure>
  </testcase> <!-- mytest -->
</testsuite> <!-- MYTEST -->
